#! /c/Source/iverilog-install/bin/vvp
:ivl_version "12.0 (devel)" "(s20150603-1539-g2693dd32b)";
:ivl_delay_selection "TYPICAL";
:vpi_time_precision + 0;
:vpi_module "C:\iverilog\lib\ivl\system.vpi";
:vpi_module "C:\iverilog\lib\ivl\vhdl_sys.vpi";
:vpi_module "C:\iverilog\lib\ivl\vhdl_textio.vpi";
:vpi_module "C:\iverilog\lib\ivl\v2005_math.vpi";
:vpi_module "C:\iverilog\lib\ivl\va_math.vpi";
S_000002188173bd30 .scope module, "d2signed" "d2signed" 2 10;
 .timescale 0 0;
    .port_info 0 /INPUT 8 "d_in";
    .port_info 1 /OUTPUT 16 "d_signed";
P_00000218817365f0 .param/l "FRAC_W" 0 2 12, +C4<00000000000000000000000000001000>;
P_0000021881736628 .param/l "INT_W" 0 2 11, +C4<00000000000000000000000000001000>;
P_0000021881736660 .param/l "OFFSET" 1 2 27, C4<00100001110000000>;
L_0000021881672058 .functor BUFT 1, C4<0000>, C4<0>, C4<0>, C4<0>;
v0000021881739ed0_0 .net/2u *"_ivl_0", 3 0, L_0000021881672058;  1 drivers
L_00000218816720a0 .functor BUFT 1, C4<000>, C4<0>, C4<0>, C4<0>;
v000002188173a3d0_0 .net *"_ivl_10", 2 0, L_00000218816720a0;  1 drivers
L_00000218816720e8 .functor BUFT 1, C4<0000>, C4<0>, C4<0>, C4<0>;
v0000021881739e30_0 .net/2u *"_ivl_12", 3 0, L_00000218816720e8;  1 drivers
v000002188173a510_0 .net *"_ivl_15", 3 0, L_0000021881670590;  1 drivers
v000002188173a6f0_0 .net *"_ivl_16", 7 0, L_0000021881671490;  1 drivers
L_0000021881672130 .functor BUFT 1, C4<00000000>, C4<0>, C4<0>, C4<0>;
v000002188173a8d0_0 .net/2u *"_ivl_20", 7 0, L_0000021881672130;  1 drivers
L_0000021881672178 .functor BUFT 1, C4<0>, C4<0>, C4<0>, C4<0>;
v000002188173a790_0 .net/2u *"_ivl_24", 0 0, L_0000021881672178;  1 drivers
v000002188173a830_0 .net *"_ivl_26", 16 0, L_0000021881671e90;  1 drivers
L_00000218816721c0 .functor BUFT 1, C4<00100001110000000>, C4<0>, C4<0>, C4<0>;
v0000021881739f70_0 .net/2s *"_ivl_28", 16 0, L_00000218816721c0;  1 drivers
v000002188173a010_0 .net *"_ivl_3", 3 0, L_0000021881671df0;  1 drivers
v000002188173ad30_0 .net *"_ivl_4", 7 0, L_0000021881670e50;  1 drivers
v000002188173a1f0_0 .net *"_ivl_6", 7 0, L_0000021881671850;  1 drivers
v000002188173a0b0_0 .net *"_ivl_8", 4 0, L_0000021881670f90;  1 drivers
o0000021881627218 .functor BUFZ 8, C4<zzzzzzzz>; HiZ drive
v000002188173a970_0 .net "d_in", 7 0, o0000021881627218;  0 drivers
v000002188173a150_0 .net/s "d_signed", 15 0, L_0000021881670450;  1 drivers
v000002188173a470_0 .net "d_weighted", 7 0, L_0000021881670270;  1 drivers
v0000021881671a30_0 .net "d_weighted_fp", 15 0, L_0000021881670b30;  1 drivers
v0000021881671d50_0 .net/s "sub_result", 16 0, L_0000021881671350;  1 drivers
L_0000021881671df0 .part o0000021881627218, 4, 4;
L_0000021881670e50 .concat [ 4 4 0 0], L_0000021881671df0, L_0000021881672058;
L_0000021881670f90 .part L_0000021881670e50, 0, 5;
L_0000021881671850 .concat [ 3 5 0 0], L_00000218816720a0, L_0000021881670f90;
L_0000021881670590 .part o0000021881627218, 0, 4;
L_0000021881671490 .concat [ 4 4 0 0], L_0000021881670590, L_00000218816720e8;
L_0000021881670270 .arith/sum 8, L_0000021881671850, L_0000021881671490;
L_0000021881670b30 .concat [ 8 8 0 0], L_0000021881672130, L_0000021881670270;
L_0000021881671e90 .concat [ 16 1 0 0], L_0000021881670b30, L_0000021881672178;
L_0000021881671350 .arith/sub 17, L_0000021881671e90, L_00000218816721c0;
L_0000021881670450 .part L_0000021881671350, 0, 16;
# The file index is used to find the file name in the following table.
:file_names 3;
    "N/A";
    "<interactive>";
    "c:\Users\15062\Desktop\ti-adc-project\dsp\verilog\rtl\d2signed.v";
